0 info it worked if it ends with ok
1 verbose cli [ 'node', '/usr/local/bin/npm', 'install', '-g', 'nodemon' ]
2 info using npm@1.4.14
3 info using node@v0.10.29
4 verbose cache add [ 'nodemon', null ]
5 verbose cache add name=undefined spec="nodemon" args=["nodemon",null]
6 verbose parsed url { protocol: null,
6 verbose parsed url   slashes: null,
6 verbose parsed url   auth: null,
6 verbose parsed url   host: null,
6 verbose parsed url   port: null,
6 verbose parsed url   hostname: null,
6 verbose parsed url   hash: null,
6 verbose parsed url   search: null,
6 verbose parsed url   query: null,
6 verbose parsed url   pathname: 'nodemon',
6 verbose parsed url   path: 'nodemon',
6 verbose parsed url   href: 'nodemon' }
7 silly lockFile 1625b929-nodemon nodemon
8 verbose lock nodemon /Users/chhe/.npm/1625b929-nodemon.lock
9 silly lockFile 1625b929-nodemon nodemon
10 silly lockFile 1625b929-nodemon nodemon
11 verbose addNamed [ 'nodemon', '' ]
12 verbose addNamed [ null, '*' ]
13 silly lockFile 4f5e51c6-nodemon nodemon@
14 verbose lock nodemon@ /Users/chhe/.npm/4f5e51c6-nodemon.lock
15 silly addNameRange { name: 'nodemon', range: '*', hasData: false }
16 verbose url raw nodemon
17 verbose url resolving [ 'https://registry.npmjs.org/', './nodemon' ]
18 verbose url resolved https://registry.npmjs.org/nodemon
19 info trying registry request attempt 1 at 20:58:58
20 verbose etag "AKQLFISX3N97Z67674KZJ8ITV"
21 http GET https://registry.npmjs.org/nodemon
22 http 304 https://registry.npmjs.org/nodemon
23 silly registry.get cb [ 304,
23 silly registry.get   { date: 'Fri, 18 Jul 2014 03:58:59 GMT',
23 silly registry.get     server: 'Apache',
23 silly registry.get     via: '1.1 varnish',
23 silly registry.get     'last-modified': 'Fri, 18 Jul 2014 03:58:59 GMT',
23 silly registry.get     'cache-control': 'max-age=30',
23 silly registry.get     etag: '"AKQLFISX3N97Z67674KZJ8ITV"',
23 silly registry.get     'x-served-by': 'cache-lax1428-LAX',
23 silly registry.get     'x-cache': 'HIT',
23 silly registry.get     'x-cache-hits': '1',
23 silly registry.get     'x-timer': 'S1405655939.382844,VS0,VE38',
23 silly registry.get     vary: 'Accept',
23 silly registry.get     'content-length': '0',
23 silly registry.get     'keep-alive': 'timeout=10, max=50',
23 silly registry.get     connection: 'Keep-Alive' } ]
24 verbose etag nodemon from cache
25 silly addNameRange number 2 { name: 'nodemon', range: '*', hasData: true }
26 silly addNameRange versions [ 'nodemon',
26 silly addNameRange   [ '0.1.4',
26 silly addNameRange     '0.1.5',
26 silly addNameRange     '0.1.6',
26 silly addNameRange     '0.1.7',
26 silly addNameRange     '0.1.8',
26 silly addNameRange     '0.2.0',
26 silly addNameRange     '0.2.1',
26 silly addNameRange     '0.2.2',
26 silly addNameRange     '0.3.0',
26 silly addNameRange     '0.3.1',
26 silly addNameRange     '0.3.2',
26 silly addNameRange     '0.4.0',
26 silly addNameRange     '0.4.1',
26 silly addNameRange     '0.5.0',
26 silly addNameRange     '0.5.1',
26 silly addNameRange     '0.5.2',
26 silly addNameRange     '0.5.3',
26 silly addNameRange     '0.5.4',
26 silly addNameRange     '0.5.5',
26 silly addNameRange     '0.5.6',
26 silly addNameRange     '0.5.7',
26 silly addNameRange     '0.6.0',
26 silly addNameRange     '0.6.1',
26 silly addNameRange     '0.6.2',
26 silly addNameRange     '0.6.3',
26 silly addNameRange     '0.6.4',
26 silly addNameRange     '0.6.5',
26 silly addNameRange     '0.6.6',
26 silly addNameRange     '0.6.7',
26 silly addNameRange     '0.6.8',
26 silly addNameRange     '0.6.9',
26 silly addNameRange     '0.6.10',
26 silly addNameRange     '0.6.11',
26 silly addNameRange     '0.6.12',
26 silly addNameRange     '0.6.13',
26 silly addNameRange     '0.6.14',
26 silly addNameRange     '0.6.15',
26 silly addNameRange     '0.6.16',
26 silly addNameRange     '0.6.17',
26 silly addNameRange     '0.6.18',
26 silly addNameRange     '0.6.19',
26 silly addNameRange     '0.6.20',
26 silly addNameRange     '0.6.21',
26 silly addNameRange     '0.6.22',
26 silly addNameRange     '0.6.23',
26 silly addNameRange     '0.7.0',
26 silly addNameRange     '0.7.1',
26 silly addNameRange     '0.7.2',
26 silly addNameRange     '0.7.3',
26 silly addNameRange     '0.7.4',
26 silly addNameRange     '0.7.5',
26 silly addNameRange     '0.7.6',
26 silly addNameRange     '0.7.7',
26 silly addNameRange     '0.7.8',
26 silly addNameRange     '0.7.10',
26 silly addNameRange     '0.9.0',
26 silly addNameRange     '0.9.1',
26 silly addNameRange     '0.9.2',
26 silly addNameRange     '0.9.3',
26 silly addNameRange     '0.9.5',
26 silly addNameRange     '0.9.6',
26 silly addNameRange     '0.9.7',
26 silly addNameRange     '0.9.10',
26 silly addNameRange     '0.9.11',
26 silly addNameRange     '0.9.12',
26 silly addNameRange     '0.9.14',
26 silly addNameRange     '0.9.16',
26 silly addNameRange     '0.9.17',
26 silly addNameRange     '1.0.0',
26 silly addNameRange     '1.0.1',
26 silly addNameRange     '1.0.2',
26 silly addNameRange     '1.0.2-rc',
26 silly addNameRange     '0.6.10-a',
26 silly addNameRange     '1.0.2-rc3',
26 silly addNameRange     '1.0.2-rc4',
26 silly addNameRange     '1.0.3',
26 silly addNameRange     '1.0.4',
26 silly addNameRange     '1.0.5',
26 silly addNameRange     '1.0.6',
26 silly addNameRange     '1.0.7',
26 silly addNameRange     '1.0.8',
26 silly addNameRange     '1.0.9',
26 silly addNameRange     '1.0.10',
26 silly addNameRange     '1.0.11',
26 silly addNameRange     '1.0.12',
26 silly addNameRange     '1.0.13',
26 silly addNameRange     '1.0.14',
26 silly addNameRange     '1.0.15',
26 silly addNameRange     '1.0.16',
26 silly addNameRange     '1.0.17-rc1',
26 silly addNameRange     '1.0.17-rc2',
26 silly addNameRange     '1.0.17',
26 silly addNameRange     '1.0.18',
26 silly addNameRange     '1.0.19',
26 silly addNameRange     '1.0.20',
26 silly addNameRange     '1.1.0-alpha',
26 silly addNameRange     '1.1.0',
26 silly addNameRange     '1.1.1',
26 silly addNameRange     '1.2.0',
26 silly addNameRange     '1.2.1' ] ]
27 verbose addNamed [ 'nodemon', '1.2.1' ]
28 verbose addNamed [ '1.2.1', '1.2.1' ]
29 silly lockFile 891e98f0-nodemon-1-2-1 nodemon@1.2.1
30 verbose lock nodemon@1.2.1 /Users/chhe/.npm/891e98f0-nodemon-1-2-1.lock
31 silly lockFile 891e98f0-nodemon-1-2-1 nodemon@1.2.1
32 silly lockFile 891e98f0-nodemon-1-2-1 nodemon@1.2.1
33 silly lockFile 4f5e51c6-nodemon nodemon@
34 silly lockFile 4f5e51c6-nodemon nodemon@
35 silly resolved [ { name: 'nodemon',
35 silly resolved     homepage: 'http://nodemon.io',
35 silly resolved     author: { name: 'Remy Sharp', url: 'http://github.com/remy' },
35 silly resolved     bin: { nodemon: './bin/nodemon.js' },
35 silly resolved     engines: { node: '>=0.8' },
35 silly resolved     repository: { type: 'git', url: 'http://github.com/remy/nodemon.git' },
35 silly resolved     description: 'Simple monitor script for use during development of a node.js app.',
35 silly resolved     keywords:
35 silly resolved      [ 'monitor',
35 silly resolved        'development',
35 silly resolved        'restart',
35 silly resolved        'autoload',
35 silly resolved        'reload',
35 silly resolved        'terminal' ],
35 silly resolved     version: '1.2.1',
35 silly resolved     preferGlobal: 'true',
35 silly resolved     licenses: [ [Object] ],
35 silly resolved     main: './lib/nodemon',
35 silly resolved     scripts:
35 silly resolved      { coverage: 'istanbul cover _mocha -- --timeout 30000 --ui bdd --reporter list test/**/*.test.js',
35 silly resolved        test: 'node_modules/mocha/bin/_mocha --timeout 30000 --ui bdd test/**/*.test.js',
35 silly resolved        web: 'node web' },
35 silly resolved     devDependencies:
35 silly resolved      { connect: '~2.19.1',
35 silly resolved        mocha: '~1.20.0',
35 silly resolved        should: '~4.0.0',
35 silly resolved        istanbul: '~0.2.10',
35 silly resolved        touch: '~0.0.3',
35 silly resolved        'coffee-script': '~1.7.1' },
35 silly resolved     dependencies:
35 silly resolved      { 'update-notifier': '~0.1.8',
35 silly resolved        minimatch: '~0.3.0',
35 silly resolved        'ps-tree': '~0.0.3' },
35 silly resolved     bugs: { url: 'https://github.com/remy/nodemon/issues' },
35 silly resolved     _id: 'nodemon@1.2.1',
35 silly resolved     dist:
35 silly resolved      { shasum: '02a288045652e92350e7d752a8054472ed2c4824',
35 silly resolved        tarball: 'http://registry.npmjs.org/nodemon/-/nodemon-1.2.1.tgz' },
35 silly resolved     _from: 'nodemon@',
35 silly resolved     _npmVersion: '1.3.24',
35 silly resolved     _npmUser: { name: 'remy', email: 'remy@remysharp.com' },
35 silly resolved     maintainers: [ [Object] ],
35 silly resolved     directories: {},
35 silly resolved     _shasum: '02a288045652e92350e7d752a8054472ed2c4824',
35 silly resolved     _resolved: 'https://registry.npmjs.org/nodemon/-/nodemon-1.2.1.tgz',
35 silly resolved     readme: 'ERROR: No README data found!' } ]
36 info install nodemon@1.2.1 into /usr/local/lib
37 info installOne nodemon@1.2.1
38 info /usr/local/lib/node_modules/nodemon unbuild
39 verbose tar unpack /Users/chhe/.npm/nodemon/1.2.1/package.tgz
40 silly lockFile 15c6d46c-r-local-lib-node-modules-nodemon tar:///usr/local/lib/node_modules/nodemon
41 verbose lock tar:///usr/local/lib/node_modules/nodemon /Users/chhe/.npm/15c6d46c-r-local-lib-node-modules-nodemon.lock
42 silly lockFile f3e08edc-he-npm-nodemon-1-2-1-package-tgz tar:///Users/chhe/.npm/nodemon/1.2.1/package.tgz
43 verbose lock tar:///Users/chhe/.npm/nodemon/1.2.1/package.tgz /Users/chhe/.npm/f3e08edc-he-npm-nodemon-1-2-1-package-tgz.lock
44 silly gunzTarPerm modes [ '755', '644' ]
45 error Error: EACCES, mkdir '/usr/local/lib/node_modules/nodemon'
45 error  { [Error: EACCES, mkdir '/usr/local/lib/node_modules/nodemon']
45 error   errno: 3,
45 error   code: 'EACCES',
45 error   path: '/usr/local/lib/node_modules/nodemon',
45 error   fstream_type: 'Directory',
45 error   fstream_path: '/usr/local/lib/node_modules/nodemon',
45 error   fstream_class: 'DirWriter',
45 error   fstream_stack:
45 error    [ '/usr/local/lib/node_modules/npm/node_modules/fstream/lib/dir-writer.js:36:23',
45 error      '/usr/local/lib/node_modules/npm/node_modules/mkdirp/index.js:37:53',
45 error      'Object.oncomplete (fs.js:107:15)' ] }
46 error Please try running this command again as root/Administrator.
47 error System Darwin 13.2.0
48 error command "node" "/usr/local/bin/npm" "install" "-g" "nodemon"
49 error cwd /Users/chhe/Desktop/hackday2014
50 error node -v v0.10.29
51 error npm -v 1.4.14
52 error path /usr/local/lib/node_modules/nodemon
53 error fstream_path /usr/local/lib/node_modules/nodemon
54 error fstream_type Directory
55 error fstream_class DirWriter
56 error code EACCES
57 error errno 3
58 error stack Error: EACCES, mkdir '/usr/local/lib/node_modules/nodemon'
59 error fstream_stack /usr/local/lib/node_modules/npm/node_modules/fstream/lib/dir-writer.js:36:23
59 error fstream_stack /usr/local/lib/node_modules/npm/node_modules/mkdirp/index.js:37:53
59 error fstream_stack Object.oncomplete (fs.js:107:15)
60 verbose exit [ 3, true ]
